=== Device boot ===
4(device4_intouch.log): 2013-Oct-02 18:42:38 Boot Start
112(device4_intouch.log): 2013-Oct-02 18:45:23.162000 Boot Completed
	Boot Time: 165162ms

=== Device boot ===
747(device4_intouch.log): 2013-Oct-03 12:23:21 Boot Start
855(device4_intouch.log): 2013-Oct-03 12:26:15.017000 Boot Completed
	Boot Time: 174017ms

=== Device boot ===
1459(device4_intouch.log): 2013-Oct-04 16:20:03 Boot Start
1568(device4_intouch.log): 2013-Oct-04 16:23:06.106000 Boot Completed
	Boot Time: 183106ms

=== Device boot ===
31848(device4_intouch.log): 2013-Dec-03 16:21:13 Boot Start
31956(device4_intouch.log): 2013-Dec-03 16:24:08.443000 Boot Completed
	Boot Time: 175443ms

=== Device boot ===
32789(device4_intouch.log): 2013-Dec-04 21:50:27 Boot Start
33032(device4_intouch.log): 2013-Dec-04 21:52:57.152000 Boot Completed
	Boot Time: 150152ms

=== Device boot ===
33145(device4_intouch.log): 2013-Dec-04 21:58:45 Boot Start
33390(device4_intouch.log): 2013-Dec-04 22:01:14.024000 Boot Completed
	Boot Time: 149024ms

=== Device boot ===
33677(device4_intouch.log): 2013-Dec-04 22:21:03 Boot Start
33920(device4_intouch.log): 2013-Dec-04 22:23:31.765000 Boot Completed
	Boot Time: 148765ms

=== Device boot ===
45295(device4_intouch.log): 2013-Dec-05 13:34:25 Boot Start
45538(device4_intouch.log): 2013-Dec-05 13:36:55.752000 Boot Completed
	Boot Time: 150752ms

=== Device boot ===
45615(device4_intouch.log): 2013-Dec-05 14:12:25 Boot Start
45858(device4_intouch.log): 2013-Dec-05 14:14:53.854000 Boot Completed
	Boot Time: 148854ms

=== Device boot ===
46117(device4_intouch.log): 2013-Dec-05 15:39:02 Boot Start
46353(device4_intouch.log): 2013-Dec-05 15:41:29.230000 Boot Completed
	Boot Time: 147230ms

=== Device boot ===
46357(device4_intouch.log): 2013-Dec-05 20:20:24 Boot Start
46600(device4_intouch.log): 2013-Dec-05 20:22:54.332000 Boot Completed
	Boot Time: 150332ms

=== Device boot ===
46792(device4_intouch.log): 2013-Dec-10 13:20:43 Boot Start
47035(device4_intouch.log): 2013-Dec-10 13:23:12.552000 Boot Completed
	Boot Time: 149552ms

=== Device boot ===
47700(device4_intouch.log): 2013-Dec-10 19:40:58 Boot Start
47991(device4_intouch.log): 2013-Dec-10 19:43:55.240000 Boot Completed
	Boot Time: 177240ms

=== Device boot ===
48100(device4_intouch.log): 2013-Dec-11 14:09:11 Boot Start
48341(device4_intouch.log): 2013-Dec-11 14:11:41.568000 Boot Completed
	Boot Time: 150568ms

=== Device boot ===
48345(device4_intouch.log): 2013-Dec-11 14:17:49 Boot Start
48636(device4_intouch.log): 2013-Dec-11 14:20:46.182000 Boot Completed
	Boot Time: 177182ms

