=== Device boot ===
2(device6_intouch.log): 2014-Apr-03 20:27:48 Boot Start
161(device6_intouch.log): 2014-Apr-03 20:31:01.087000 Boot Completed
	Boot Time: 193087ms

=== Device boot ===
82079(device6_intouch.log): 2014-Apr-09 14:51:15 Boot Start
82303(device6_intouch.log): 2014-Apr-09 14:54:39.150000 Boot Completed
	Boot Time: 204150ms

=== Device boot ===
85398(device6_intouch.log): 2014-Apr-10 18:13:13 Boot Start
85564(device6_intouch.log): 2014-Apr-10 18:16:37.082000 Boot Completed
	Boot Time: 204082ms

=== Device boot ===
85957(device6_intouch.log): 2014-Apr-10 19:11:05 Boot Start
86123(device6_intouch.log): 2014-Apr-10 19:14:24.863000 Boot Completed
	Boot Time: 199863ms

=== Device boot ===
86127(device6_intouch.log): 2014-Apr-10 19:18:36 Boot Start
86293(device6_intouch.log): 2014-Apr-10 19:21:56.771000 Boot Completed
	Boot Time: 200771ms

=== Device boot ===
86568(device6_intouch.log): 2014-Apr-10 19:32:16 Boot Start
86732(device6_intouch.log): 2014-Apr-10 19:35:36.317000 Boot Completed
	Boot Time: 200317ms

=== Device boot ===
86750(device6_intouch.log): 2014-Apr-10 20:06:27 Boot Start
86821(device6_intouch.log): 2014-Apr-10 20:09:07.793000 Boot Completed
	Boot Time: 160793ms

=== Device boot ===
86939(device6_intouch.log): 2014-Apr-11 00:15:56 Boot Start
87111(device6_intouch.log): 2014-Apr-11 00:18:49.131000 Boot Completed
	Boot Time: 173131ms

=== Device boot ===
87116(device6_intouch.log): 2014-Apr-11 13:28:25 Boot Start
87286(device6_intouch.log): 2014-Apr-11 13:31:12.767000 Boot Completed
	Boot Time: 167767ms

=== Device boot ===
87836(device6_intouch.log): 2014-Apr-11 13:58:02 Boot Start
88009(device6_intouch.log): 2014-Apr-11 14:00:49.095000 Boot Completed
	Boot Time: 167095ms

=== Device boot ===
88983(device6_intouch.log): 2014-Apr-11 14:23:42 Boot Start
89155(device6_intouch.log): 2014-Apr-11 14:26:31.377000 Boot Completed
	Boot Time: 169377ms

=== Device boot ===
90112(device6_intouch.log): 2014-Apr-14 12:13:59 Boot Start
**** Incomplete boot ****

=== Device boot ===
90135(device6_intouch.log): 2014-Apr-14 12:16:13 Boot Start
**** Incomplete boot ****

=== Device boot ===
90176(device6_intouch.log): 2014-Apr-14 12:18:44 Boot Start
90307(device6_intouch.log): 2014-Apr-14 12:21:25.493000 Boot Completed
	Boot Time: 161493ms

